<?xml version="1.0" encoding="UTF-8"?>
<!-- Generated by org.testng.reporters.JUnitReportReporter -->
<testsuite hostname="TYSS-Sumanth" failures="0" tests="1" name="watch.Fossil_Test" time="3.497" errors="0" timestamp="2023-12-28T10:49:01 IST" skipped="0">
  <testcase classname="watch.Fossil_Test" name="game" time="3.497"/>
  <system-out/>
</testsuite> <!-- watch.Fossil_Test -->
