<?xml version="1.0" encoding="UTF-8"?>
<!-- Generated by org.testng.reporters.JUnitReportReporter -->
<testsuite hostname="TYSS-Sumanth" failures="0" tests="1" name="watch.Rado_Test" time="3.690" errors="0" timestamp="2023-12-28T10:49:01 IST" skipped="0">
  <testcase classname="watch.Rado_Test" name="game" time="3.690"/>
  <system-out/>
</testsuite> <!-- watch.Rado_Test -->
