<?xml version="1.0" encoding="UTF-8"?>
<!-- Generated by org.testng.reporters.JUnitReportReporter -->
<testsuite hostname="TYSS-Sumanth" failures="0" tests="1" name="watch.FireBoltt_Test" time="2.386" errors="0" timestamp="2023-12-28T10:49:01 IST" skipped="0">
  <testcase classname="watch.FireBoltt_Test" name="game" time="2.386"/>
  <system-out/>
</testsuite> <!-- watch.FireBoltt_Test -->
