<?xml version="1.0" encoding="UTF-8"?>
<!-- Generated by org.testng.reporters.JUnitReportReporter -->
<testsuite hostname="TYSS-Sumanth" failures="0" tests="1" name="watch.Boat_Test" time="6.615" errors="0" timestamp="2023-12-28T10:49:01 IST" skipped="0">
  <testcase classname="watch.Boat_Test" name="game" time="6.615"/>
  <system-out/>
</testsuite> <!-- watch.Boat_Test -->
