<?xml version="1.0" encoding="UTF-8"?>
<!-- Generated by org.testng.reporters.JUnitReportReporter -->
<testsuite hostname="TYSS-Sumanth" failures="0" tests="1" name="watch.JokerAndWitch_Test" time="3.585" errors="0" timestamp="2023-12-28T10:49:01 IST" skipped="0">
  <testcase classname="watch.JokerAndWitch_Test" name="game" time="3.585"/>
  <system-out/>
</testsuite> <!-- watch.JokerAndWitch_Test -->
