<?xml version="1.0" encoding="UTF-8"?>
<!-- Generated by org.testng.reporters.JUnitReportReporter -->
<testsuite hostname="TYSS-Sumanth" failures="0" tests="1" name="watch.Helios_Test" time="7.287" errors="0" timestamp="2023-12-28T10:49:01 IST" skipped="0">
  <testcase classname="watch.Helios_Test" name="game" time="7.287"/>
  <system-out/>
</testsuite> <!-- watch.Helios_Test -->
