<?xml version="1.0" encoding="UTF-8"?>
<!-- Generated by org.testng.reporters.JUnitReportReporter -->
<testsuite hostname="TYSS-Sumanth" failures="0" tests="1" name="cross.Script2_Test" time="4.820" errors="0" timestamp="2023-12-28T14:54:53 IST" skipped="0">
  <testcase classname="cross.Script2_Test" name="login" time="4.820"/>
  <system-out/>
</testsuite> <!-- cross.Script2_Test -->
